<?xml version="1.0" encoding="UTF-8"?>
<testng-results ignored="1" total="2" passed="0" failed="1" skipped="0">
  <reporter-output>
  </reporter-output>
  <suite started-at="2025-03-17T18:23:18 ICT" name="Test Suite" finished-at="2025-03-17T18:23:22 ICT" duration-ms="3843">
    <groups>
    </groups>
    <test started-at="2025-03-17T18:23:18 ICT" name="Regression Test" finished-at="2025-03-17T18:23:22 ICT" duration-ms="3843">
      <class name="scripts.cinemaBookingFromHomeToolTest">
        <test-method is-config="true" signature="setupTest(java.lang.String)[pri:0, instance:scripts.cinemaBookingFromHomeToolTest@63eef88a]" started-at="2025-03-17T18:23:18 ICT" name="setupTest" finished-at="2025-03-17T18:23:21 ICT" duration-ms="2668" status="PASS">
          <params>
            <param index="0">
              <value>
                <![CDATA[chrome]]>
              </value>
            </param>
          </params>
          <reporter-output>
          </reporter-output>
        </test-method> <!-- setupTest -->
        <test-method signature="verifyBookingByHomeTool()[pri:0, instance:scripts.cinemaBookingFromHomeToolTest@63eef88a]" started-at="2025-03-17T18:23:21 ICT" name="verifyBookingByHomeTool" finished-at="2025-03-17T18:23:21 ICT" duration-ms="382" status="FAIL">
          <exception class="java.lang.AssertionError">
            <message>
              <![CDATA[expected [Moana 2] but found [Đăng nhập thành công]]]>
            </message>
            <full-stacktrace>
              <![CDATA[java.lang.AssertionError: expected [Moana 2] but found [Đăng nhập thành công]
at org.testng.Assert.fail(Assert.java:111)
at org.testng.Assert.failNotEquals(Assert.java:1590)
at org.testng.Assert.assertEqualsImpl(Assert.java:150)
at org.testng.Assert.assertEquals(Assert.java:132)
at org.testng.Assert.assertEquals(Assert.java:656)
at org.testng.Assert.assertEquals(Assert.java:666)
at pages.HomePage.verifyMovieIsMoana2(HomePage.java:32)
at scripts.cinemaBookingFromHomeToolTest.verifyBookingByHomeTool(cinemaBookingFromHomeToolTest.java:37)
at java.base/jdk.internal.reflect.DirectMethodHandleAccessor.invoke(DirectMethodHandleAccessor.java:104)
at java.base/java.lang.reflect.Method.invoke(Method.java:578)
at org.testng.internal.invokers.MethodInvocationHelper.invokeMethod(MethodInvocationHelper.java:141)
at org.testng.internal.invokers.TestInvoker.invokeMethod(TestInvoker.java:687)
at org.testng.internal.invokers.TestInvoker.invokeTestMethod(TestInvoker.java:230)
at org.testng.internal.invokers.MethodRunner.runInSequence(MethodRunner.java:63)
at org.testng.internal.invokers.TestInvoker$MethodInvocationAgent.invoke(TestInvoker.java:995)
at org.testng.internal.invokers.TestInvoker.invokeTestMethods(TestInvoker.java:203)
at org.testng.internal.invokers.TestMethodWorker.invokeTestMethods(TestMethodWorker.java:154)
at org.testng.internal.invokers.TestMethodWorker.run(TestMethodWorker.java:134)
at java.base/java.util.ArrayList.forEach(ArrayList.java:1511)
at org.testng.TestRunner.privateRun(TestRunner.java:741)
at org.testng.TestRunner.run(TestRunner.java:616)
at org.testng.SuiteRunner.runTest(SuiteRunner.java:421)
at org.testng.SuiteRunner.runSequentially(SuiteRunner.java:413)
at org.testng.SuiteRunner.privateRun(SuiteRunner.java:373)
at org.testng.SuiteRunner.run(SuiteRunner.java:312)
at org.testng.SuiteRunnerWorker.runSuite(SuiteRunnerWorker.java:52)
at org.testng.SuiteRunnerWorker.run(SuiteRunnerWorker.java:95)
at org.testng.TestNG.runSuitesSequentially(TestNG.java:1274)
at org.testng.TestNG.runSuitesLocally(TestNG.java:1208)
at org.testng.TestNG.runSuites(TestNG.java:1112)
at org.testng.TestNG.run(TestNG.java:1079)
at org.apache.maven.surefire.testng.TestNGExecutor.run(TestNGExecutor.java:324)
at org.apache.maven.surefire.testng.TestNGXmlTestSuite.execute(TestNGXmlTestSuite.java:74)
at org.apache.maven.surefire.testng.TestNGProvider.invoke(TestNGProvider.java:123)
at org.apache.maven.surefire.booter.ForkedBooter.runSuitesInProcess(ForkedBooter.java:456)
at org.apache.maven.surefire.booter.ForkedBooter.execute(ForkedBooter.java:169)
at org.apache.maven.surefire.booter.ForkedBooter.run(ForkedBooter.java:595)
at org.apache.maven.surefire.booter.ForkedBooter.main(ForkedBooter.java:581)
]]>
            </full-stacktrace>
          </exception> <!-- java.lang.AssertionError -->
          <reporter-output>
          </reporter-output>
        </test-method> <!-- verifyBookingByHomeTool -->
        <test-method is-config="true" signature="tearDown()[pri:0, instance:scripts.cinemaBookingFromHomeToolTest@63eef88a]" started-at="2025-03-17T18:23:22 ICT" name="tearDown" finished-at="2025-03-17T18:23:22 ICT" duration-ms="88" status="PASS">
          <reporter-output>
          </reporter-output>
        </test-method> <!-- tearDown -->
      </class> <!-- scripts.cinemaBookingFromHomeToolTest -->
    </test> <!-- Regression Test -->
  </suite> <!-- Test Suite -->
</testng-results>
